<?xml version="1.0" encoding="UTF-8"?>
<TestRun id="de1e31c7-c03e-4717-bb27-016f2294cf32" name="vstanislas@R108P17HVVS 2017-12-15 12:13:26" runUser="SIO\vstanislas" xmlns="http://microsoft.com/schemas/VisualStudio/TeamTest/2010">
  <TestSettings name="Local" id="2936087e-1c7c-4940-b070-3ba04ea7a5c3">
    <Description>Il s'agit des paramètres de test par défaut pour une série de tests locale.</Description>
    <Deployment enabled="false" runDeploymentRoot="vstanislas_R108P17HVVS 2017-12-15 12_13_26">
      <DeploymentItem filename="E:\GencodeEan13\GencodeEan13\bin\Debug\GencodeEan13.dll" />
    </Deployment>
    <Execution>
      <TestTypeSpecific />
      <AgentRule name="Execution Agents">
      </AgentRule>
    </Execution>
  </TestSettings>
  <Times creation="2017-12-15T12:13:26.3593145+01:00" queuing="2017-12-15T12:13:26.3905645+01:00" start="2017-12-15T12:13:26.4061895+01:00" finish="2017-12-15T12:13:26.5468145+01:00" />
  <ResultSummary outcome="Completed">
    <Counters total="6" executed="6" passed="6" error="0" failed="0" timeout="0" aborted="0" inconclusive="0" passedButRunAborted="0" notRunnable="0" notExecuted="0" disconnected="0" warning="0" completed="0" inProgress="0" pending="0" />
  </ResultSummary>
  <TestDefinitions>
    <UnitTest name="ToStringTest" storage="e:\gencodeean13\testean13\bin\debug\testean13.dll" id="fc088f0c-0d88-c0a7-85e1-7f86ad18f642">
      <Execution id="d22491fc-02b1-46ad-8695-5d242a318369" />
      <TestMethod codeBase="E:/GencodeEan13/TestEan13/bin/Debug/TestEan13.DLL" adapterTypeName="Microsoft.VisualStudio.TestTools.TestTypes.Unit.UnitTestAdapter, Microsoft.VisualStudio.QualityTools.Tips.UnitTest.Adapter, Version=10.0.0.0, Culture=neutral, PublicKeyToken=b03f5f7f11d50a3a" className="TestEan13.Ean13Test, TestEan13, Version=1.0.0.0, Culture=neutral, PublicKeyToken=null" name="ToStringTest" />
    </UnitTest>
    <UnitTest name="CleTest" storage="e:\gencodeean13\testean13\bin\debug\testean13.dll" id="c52f5332-71ff-335c-862c-1d556b4a6abc">
      <Execution id="77ffaf16-5b2b-40a8-ba62-a88eb775f240" />
      <TestMethod codeBase="E:/GencodeEan13/TestEan13/bin/Debug/TestEan13.DLL" adapterTypeName="Microsoft.VisualStudio.TestTools.TestTypes.Unit.UnitTestAdapter, Microsoft.VisualStudio.QualityTools.Tips.UnitTest.Adapter, Version=10.0.0.0, Culture=neutral, PublicKeyToken=b03f5f7f11d50a3a" className="TestEan13.Ean13Test, TestEan13, Version=1.0.0.0, Culture=neutral, PublicKeyToken=null" name="CleTest" />
    </UnitTest>
    <UnitTest name="Ean13ConstructorTest" storage="e:\gencodeean13\testean13\bin\debug\testean13.dll" id="e9163f9d-c849-b6ad-20b7-06b88564ed77">
      <Execution id="158d62b4-5059-42fa-be8d-dc1544e0ea2f" />
      <TestMethod codeBase="E:/GencodeEan13/TestEan13/bin/Debug/TestEan13.DLL" adapterTypeName="Microsoft.VisualStudio.TestTools.TestTypes.Unit.UnitTestAdapter, Microsoft.VisualStudio.QualityTools.Tips.UnitTest.Adapter, Version=10.0.0.0, Culture=neutral, PublicKeyToken=b03f5f7f11d50a3a" className="TestEan13.Ean13Test, TestEan13, Version=1.0.0.0, Culture=neutral, PublicKeyToken=null" name="Ean13ConstructorTest" />
    </UnitTest>
    <UnitTest name="ResteTest" storage="e:\gencodeean13\testean13\bin\debug\testean13.dll" id="da35aeb7-e1df-eeed-6b2d-3a17dd8140d8">
      <Execution id="8c159ef6-83cd-48ed-b06f-018b7ec5281e" />
      <TestMethod codeBase="E:/GencodeEan13/TestEan13/bin/Debug/TestEan13.DLL" adapterTypeName="Microsoft.VisualStudio.TestTools.TestTypes.Unit.UnitTestAdapter, Microsoft.VisualStudio.QualityTools.Tips.UnitTest.Adapter, Version=10.0.0.0, Culture=neutral, PublicKeyToken=b03f5f7f11d50a3a" className="TestEan13.Ean13Test, TestEan13, Version=1.0.0.0, Culture=neutral, PublicKeyToken=null" name="ResteTest" />
    </UnitTest>
    <UnitTest name="PoidsImpairTest" storage="e:\gencodeean13\testean13\bin\debug\testean13.dll" id="3b00af88-da7f-9480-e7c9-bc6616f14c9e">
      <Execution id="592ec386-36c6-4be7-a306-e52e291d75a1" />
      <TestMethod codeBase="E:/GencodeEan13/TestEan13/bin/Debug/TestEan13.DLL" adapterTypeName="Microsoft.VisualStudio.TestTools.TestTypes.Unit.UnitTestAdapter, Microsoft.VisualStudio.QualityTools.Tips.UnitTest.Adapter, Version=10.0.0.0, Culture=neutral, PublicKeyToken=b03f5f7f11d50a3a" className="TestEan13.Ean13Test, TestEan13, Version=1.0.0.0, Culture=neutral, PublicKeyToken=null" name="PoidsImpairTest" />
    </UnitTest>
    <UnitTest name="PoidsPairTest" storage="e:\gencodeean13\testean13\bin\debug\testean13.dll" id="0ca3dafd-72c1-0bd1-f5ec-d20609911a3b">
      <Execution id="7e1d2662-2c2c-4635-9344-e6fc34e4d7b3" />
      <TestMethod codeBase="E:/GencodeEan13/TestEan13/bin/Debug/TestEan13.DLL" adapterTypeName="Microsoft.VisualStudio.TestTools.TestTypes.Unit.UnitTestAdapter, Microsoft.VisualStudio.QualityTools.Tips.UnitTest.Adapter, Version=10.0.0.0, Culture=neutral, PublicKeyToken=b03f5f7f11d50a3a" className="TestEan13.Ean13Test, TestEan13, Version=1.0.0.0, Culture=neutral, PublicKeyToken=null" name="PoidsPairTest" />
    </UnitTest>
  </TestDefinitions>
  <TestLists>
    <TestList name="Les résultats ne figurent pas dans une liste" id="8c84fa94-04c1-424b-9868-57a2d4851a1d" />
    <TestList name="Tous les résultats chargés" id="19431567-8539-422a-85d7-44ee4e166bda" />
  </TestLists>
  <TestEntries>
    <TestEntry testId="0ca3dafd-72c1-0bd1-f5ec-d20609911a3b" executionId="7e1d2662-2c2c-4635-9344-e6fc34e4d7b3" testListId="8c84fa94-04c1-424b-9868-57a2d4851a1d" />
    <TestEntry testId="3b00af88-da7f-9480-e7c9-bc6616f14c9e" executionId="592ec386-36c6-4be7-a306-e52e291d75a1" testListId="8c84fa94-04c1-424b-9868-57a2d4851a1d" />
    <TestEntry testId="c52f5332-71ff-335c-862c-1d556b4a6abc" executionId="77ffaf16-5b2b-40a8-ba62-a88eb775f240" testListId="8c84fa94-04c1-424b-9868-57a2d4851a1d" />
    <TestEntry testId="da35aeb7-e1df-eeed-6b2d-3a17dd8140d8" executionId="8c159ef6-83cd-48ed-b06f-018b7ec5281e" testListId="8c84fa94-04c1-424b-9868-57a2d4851a1d" />
    <TestEntry testId="e9163f9d-c849-b6ad-20b7-06b88564ed77" executionId="158d62b4-5059-42fa-be8d-dc1544e0ea2f" testListId="8c84fa94-04c1-424b-9868-57a2d4851a1d" />
    <TestEntry testId="fc088f0c-0d88-c0a7-85e1-7f86ad18f642" executionId="d22491fc-02b1-46ad-8695-5d242a318369" testListId="8c84fa94-04c1-424b-9868-57a2d4851a1d" />
  </TestEntries>
  <Results>
    <UnitTestResult executionId="7e1d2662-2c2c-4635-9344-e6fc34e4d7b3" testId="0ca3dafd-72c1-0bd1-f5ec-d20609911a3b" testName="PoidsPairTest" computerName="R108P17HVVS" duration="00:00:00.0079242" startTime="2017-12-15T12:13:26.4218145+01:00" endTime="2017-12-15T12:13:26.5155645+01:00" testType="13cdc9d9-ddb5-4fa4-a97d-d965ccfc6d4b" outcome="Passed" testListId="8c84fa94-04c1-424b-9868-57a2d4851a1d" relativeResultsDirectory="7e1d2662-2c2c-4635-9344-e6fc34e4d7b3">
    </UnitTestResult>
    <UnitTestResult executionId="592ec386-36c6-4be7-a306-e52e291d75a1" testId="3b00af88-da7f-9480-e7c9-bc6616f14c9e" testName="PoidsImpairTest" computerName="R108P17HVVS" duration="00:00:00.0001796" startTime="2017-12-15T12:13:26.5155645+01:00" endTime="2017-12-15T12:13:26.5155645+01:00" testType="13cdc9d9-ddb5-4fa4-a97d-d965ccfc6d4b" outcome="Passed" testListId="8c84fa94-04c1-424b-9868-57a2d4851a1d" relativeResultsDirectory="592ec386-36c6-4be7-a306-e52e291d75a1">
    </UnitTestResult>
    <UnitTestResult executionId="77ffaf16-5b2b-40a8-ba62-a88eb775f240" testId="c52f5332-71ff-335c-862c-1d556b4a6abc" testName="CleTest" computerName="R108P17HVVS" duration="00:00:00.0001832" startTime="2017-12-15T12:13:26.5155645+01:00" endTime="2017-12-15T12:13:26.5155645+01:00" testType="13cdc9d9-ddb5-4fa4-a97d-d965ccfc6d4b" outcome="Passed" testListId="8c84fa94-04c1-424b-9868-57a2d4851a1d" relativeResultsDirectory="77ffaf16-5b2b-40a8-ba62-a88eb775f240">
    </UnitTestResult>
    <UnitTestResult executionId="8c159ef6-83cd-48ed-b06f-018b7ec5281e" testId="da35aeb7-e1df-eeed-6b2d-3a17dd8140d8" testName="ResteTest" computerName="R108P17HVVS" duration="00:00:00.0001006" startTime="2017-12-15T12:13:26.5155645+01:00" endTime="2017-12-15T12:13:26.5155645+01:00" testType="13cdc9d9-ddb5-4fa4-a97d-d965ccfc6d4b" outcome="Passed" testListId="8c84fa94-04c1-424b-9868-57a2d4851a1d" relativeResultsDirectory="8c159ef6-83cd-48ed-b06f-018b7ec5281e">
    </UnitTestResult>
    <UnitTestResult executionId="158d62b4-5059-42fa-be8d-dc1544e0ea2f" testId="e9163f9d-c849-b6ad-20b7-06b88564ed77" testName="Ean13ConstructorTest" computerName="R108P17HVVS" duration="00:00:00.0001572" startTime="2017-12-15T12:13:26.5155645+01:00" endTime="2017-12-15T12:13:26.5155645+01:00" testType="13cdc9d9-ddb5-4fa4-a97d-d965ccfc6d4b" outcome="Passed" testListId="8c84fa94-04c1-424b-9868-57a2d4851a1d" relativeResultsDirectory="158d62b4-5059-42fa-be8d-dc1544e0ea2f">
    </UnitTestResult>
    <UnitTestResult executionId="d22491fc-02b1-46ad-8695-5d242a318369" testId="fc088f0c-0d88-c0a7-85e1-7f86ad18f642" testName="ToStringTest" computerName="R108P17HVVS" duration="00:00:00.0002941" startTime="2017-12-15T12:13:26.5155645+01:00" endTime="2017-12-15T12:13:26.5155645+01:00" testType="13cdc9d9-ddb5-4fa4-a97d-d965ccfc6d4b" outcome="Passed" testListId="8c84fa94-04c1-424b-9868-57a2d4851a1d" relativeResultsDirectory="d22491fc-02b1-46ad-8695-5d242a318369">
    </UnitTestResult>
  </Results>
</TestRun>