<?xml version="1.0" encoding="UTF-8"?>
<TestRun id="9c1809b4-1cf5-48b3-942b-ffbea9d00ed3" name="vstanislas@R108P17HVVS 2017-12-15 12:06:25" runUser="SIO\vstanislas" xmlns="http://microsoft.com/schemas/VisualStudio/TeamTest/2010">
  <TestSettings name="Local" id="2936087e-1c7c-4940-b070-3ba04ea7a5c3">
    <Description>Il s'agit des paramètres de test par défaut pour une série de tests locale.</Description>
    <Deployment enabled="false" runDeploymentRoot="vstanislas_R108P17HVVS 2017-12-15 12_06_25">
      <DeploymentItem filename="E:\GencodeEan13\GencodeEan13\bin\Debug\GencodeEan13.dll" />
    </Deployment>
    <Execution>
      <TestTypeSpecific />
      <AgentRule name="Execution Agents">
      </AgentRule>
    </Execution>
  </TestSettings>
  <Times creation="2017-12-15T12:06:25.9639710+01:00" queuing="2017-12-15T12:06:25.9952210+01:00" start="2017-12-15T12:06:26.0264710+01:00" finish="2017-12-15T12:06:26.1670960+01:00" />
  <ResultSummary outcome="Failed">
    <Counters total="6" executed="6" passed="5" error="0" failed="1" timeout="0" aborted="0" inconclusive="0" passedButRunAborted="0" notRunnable="0" notExecuted="0" disconnected="0" warning="0" completed="0" inProgress="0" pending="0" />
  </ResultSummary>
  <TestDefinitions>
    <UnitTest name="ToStringTest" storage="e:\gencodeean13\testean13\bin\debug\testean13.dll" id="fc088f0c-0d88-c0a7-85e1-7f86ad18f642">
      <Execution id="4a3ac51e-bc27-4060-9353-8be07f346769" />
      <TestMethod codeBase="E:/GencodeEan13/TestEan13/bin/Debug/TestEan13.DLL" adapterTypeName="Microsoft.VisualStudio.TestTools.TestTypes.Unit.UnitTestAdapter, Microsoft.VisualStudio.QualityTools.Tips.UnitTest.Adapter, Version=10.0.0.0, Culture=neutral, PublicKeyToken=b03f5f7f11d50a3a" className="TestEan13.Ean13Test, TestEan13, Version=1.0.0.0, Culture=neutral, PublicKeyToken=null" name="ToStringTest" />
    </UnitTest>
    <UnitTest name="CleTest" storage="e:\gencodeean13\testean13\bin\debug\testean13.dll" id="c52f5332-71ff-335c-862c-1d556b4a6abc">
      <Execution id="3edde09e-cc22-416a-9b63-0e5310b3f8c5" />
      <TestMethod codeBase="E:/GencodeEan13/TestEan13/bin/Debug/TestEan13.DLL" adapterTypeName="Microsoft.VisualStudio.TestTools.TestTypes.Unit.UnitTestAdapter, Microsoft.VisualStudio.QualityTools.Tips.UnitTest.Adapter, Version=10.0.0.0, Culture=neutral, PublicKeyToken=b03f5f7f11d50a3a" className="TestEan13.Ean13Test, TestEan13, Version=1.0.0.0, Culture=neutral, PublicKeyToken=null" name="CleTest" />
    </UnitTest>
    <UnitTest name="Ean13ConstructorTest" storage="e:\gencodeean13\testean13\bin\debug\testean13.dll" id="e9163f9d-c849-b6ad-20b7-06b88564ed77">
      <Execution id="f023e00e-d6de-407e-8d17-2180ad8dcf5f" />
      <TestMethod codeBase="E:/GencodeEan13/TestEan13/bin/Debug/TestEan13.DLL" adapterTypeName="Microsoft.VisualStudio.TestTools.TestTypes.Unit.UnitTestAdapter, Microsoft.VisualStudio.QualityTools.Tips.UnitTest.Adapter, Version=10.0.0.0, Culture=neutral, PublicKeyToken=b03f5f7f11d50a3a" className="TestEan13.Ean13Test, TestEan13, Version=1.0.0.0, Culture=neutral, PublicKeyToken=null" name="Ean13ConstructorTest" />
    </UnitTest>
    <UnitTest name="ResteTest" storage="e:\gencodeean13\testean13\bin\debug\testean13.dll" id="da35aeb7-e1df-eeed-6b2d-3a17dd8140d8">
      <Execution id="6d0c658f-bf82-4bc1-bd2c-12e876e83e8d" />
      <TestMethod codeBase="E:/GencodeEan13/TestEan13/bin/Debug/TestEan13.DLL" adapterTypeName="Microsoft.VisualStudio.TestTools.TestTypes.Unit.UnitTestAdapter, Microsoft.VisualStudio.QualityTools.Tips.UnitTest.Adapter, Version=10.0.0.0, Culture=neutral, PublicKeyToken=b03f5f7f11d50a3a" className="TestEan13.Ean13Test, TestEan13, Version=1.0.0.0, Culture=neutral, PublicKeyToken=null" name="ResteTest" />
    </UnitTest>
    <UnitTest name="PoidsImpairTest" storage="e:\gencodeean13\testean13\bin\debug\testean13.dll" id="3b00af88-da7f-9480-e7c9-bc6616f14c9e">
      <Execution id="82fb8351-b19b-408f-8eb7-b7028ba46048" />
      <TestMethod codeBase="E:/GencodeEan13/TestEan13/bin/Debug/TestEan13.DLL" adapterTypeName="Microsoft.VisualStudio.TestTools.TestTypes.Unit.UnitTestAdapter, Microsoft.VisualStudio.QualityTools.Tips.UnitTest.Adapter, Version=10.0.0.0, Culture=neutral, PublicKeyToken=b03f5f7f11d50a3a" className="TestEan13.Ean13Test, TestEan13, Version=1.0.0.0, Culture=neutral, PublicKeyToken=null" name="PoidsImpairTest" />
    </UnitTest>
    <UnitTest name="PoidsPairTest" storage="e:\gencodeean13\testean13\bin\debug\testean13.dll" id="0ca3dafd-72c1-0bd1-f5ec-d20609911a3b">
      <Execution id="24ecbf25-e079-46f9-9c71-20770bf400f6" />
      <TestMethod codeBase="E:/GencodeEan13/TestEan13/bin/Debug/TestEan13.DLL" adapterTypeName="Microsoft.VisualStudio.TestTools.TestTypes.Unit.UnitTestAdapter, Microsoft.VisualStudio.QualityTools.Tips.UnitTest.Adapter, Version=10.0.0.0, Culture=neutral, PublicKeyToken=b03f5f7f11d50a3a" className="TestEan13.Ean13Test, TestEan13, Version=1.0.0.0, Culture=neutral, PublicKeyToken=null" name="PoidsPairTest" />
    </UnitTest>
  </TestDefinitions>
  <TestLists>
    <TestList name="Les résultats ne figurent pas dans une liste" id="8c84fa94-04c1-424b-9868-57a2d4851a1d" />
    <TestList name="Tous les résultats chargés" id="19431567-8539-422a-85d7-44ee4e166bda" />
  </TestLists>
  <TestEntries>
    <TestEntry testId="0ca3dafd-72c1-0bd1-f5ec-d20609911a3b" executionId="24ecbf25-e079-46f9-9c71-20770bf400f6" testListId="8c84fa94-04c1-424b-9868-57a2d4851a1d" />
    <TestEntry testId="3b00af88-da7f-9480-e7c9-bc6616f14c9e" executionId="82fb8351-b19b-408f-8eb7-b7028ba46048" testListId="8c84fa94-04c1-424b-9868-57a2d4851a1d" />
    <TestEntry testId="c52f5332-71ff-335c-862c-1d556b4a6abc" executionId="3edde09e-cc22-416a-9b63-0e5310b3f8c5" testListId="8c84fa94-04c1-424b-9868-57a2d4851a1d" />
    <TestEntry testId="da35aeb7-e1df-eeed-6b2d-3a17dd8140d8" executionId="6d0c658f-bf82-4bc1-bd2c-12e876e83e8d" testListId="8c84fa94-04c1-424b-9868-57a2d4851a1d" />
    <TestEntry testId="e9163f9d-c849-b6ad-20b7-06b88564ed77" executionId="f023e00e-d6de-407e-8d17-2180ad8dcf5f" testListId="8c84fa94-04c1-424b-9868-57a2d4851a1d" />
    <TestEntry testId="fc088f0c-0d88-c0a7-85e1-7f86ad18f642" executionId="4a3ac51e-bc27-4060-9353-8be07f346769" testListId="8c84fa94-04c1-424b-9868-57a2d4851a1d" />
  </TestEntries>
  <Results>
    <UnitTestResult executionId="24ecbf25-e079-46f9-9c71-20770bf400f6" testId="0ca3dafd-72c1-0bd1-f5ec-d20609911a3b" testName="PoidsPairTest" computerName="R108P17HVVS" duration="00:00:00.0076243" startTime="2017-12-15T12:06:26.0577210+01:00" endTime="2017-12-15T12:06:26.1358460+01:00" testType="13cdc9d9-ddb5-4fa4-a97d-d965ccfc6d4b" outcome="Passed" testListId="8c84fa94-04c1-424b-9868-57a2d4851a1d" relativeResultsDirectory="24ecbf25-e079-46f9-9c71-20770bf400f6">
    </UnitTestResult>
    <UnitTestResult executionId="82fb8351-b19b-408f-8eb7-b7028ba46048" testId="3b00af88-da7f-9480-e7c9-bc6616f14c9e" testName="PoidsImpairTest" computerName="R108P17HVVS" duration="00:00:00.0001721" startTime="2017-12-15T12:06:26.1358460+01:00" endTime="2017-12-15T12:06:26.1358460+01:00" testType="13cdc9d9-ddb5-4fa4-a97d-d965ccfc6d4b" outcome="Passed" testListId="8c84fa94-04c1-424b-9868-57a2d4851a1d" relativeResultsDirectory="82fb8351-b19b-408f-8eb7-b7028ba46048">
    </UnitTestResult>
    <UnitTestResult executionId="3edde09e-cc22-416a-9b63-0e5310b3f8c5" testId="c52f5332-71ff-335c-862c-1d556b4a6abc" testName="CleTest" computerName="R108P17HVVS" duration="00:00:00.0001853" startTime="2017-12-15T12:06:26.1358460+01:00" endTime="2017-12-15T12:06:26.1358460+01:00" testType="13cdc9d9-ddb5-4fa4-a97d-d965ccfc6d4b" outcome="Passed" testListId="8c84fa94-04c1-424b-9868-57a2d4851a1d" relativeResultsDirectory="3edde09e-cc22-416a-9b63-0e5310b3f8c5">
    </UnitTestResult>
    <UnitTestResult executionId="6d0c658f-bf82-4bc1-bd2c-12e876e83e8d" testId="da35aeb7-e1df-eeed-6b2d-3a17dd8140d8" testName="ResteTest" computerName="R108P17HVVS" duration="00:00:00.0001017" startTime="2017-12-15T12:06:26.1358460+01:00" endTime="2017-12-15T12:06:26.1358460+01:00" testType="13cdc9d9-ddb5-4fa4-a97d-d965ccfc6d4b" outcome="Passed" testListId="8c84fa94-04c1-424b-9868-57a2d4851a1d" relativeResultsDirectory="6d0c658f-bf82-4bc1-bd2c-12e876e83e8d">
    </UnitTestResult>
    <UnitTestResult executionId="f023e00e-d6de-407e-8d17-2180ad8dcf5f" testId="e9163f9d-c849-b6ad-20b7-06b88564ed77" testName="Ean13ConstructorTest" computerName="R108P17HVVS" duration="00:00:00.0001551" startTime="2017-12-15T12:06:26.1358460+01:00" endTime="2017-12-15T12:06:26.1358460+01:00" testType="13cdc9d9-ddb5-4fa4-a97d-d965ccfc6d4b" outcome="Passed" testListId="8c84fa94-04c1-424b-9868-57a2d4851a1d" relativeResultsDirectory="f023e00e-d6de-407e-8d17-2180ad8dcf5f">
    </UnitTestResult>
    <UnitTestResult executionId="4a3ac51e-bc27-4060-9353-8be07f346769" testId="fc088f0c-0d88-c0a7-85e1-7f86ad18f642" testName="ToStringTest" computerName="R108P17HVVS" duration="00:00:00.0079980" startTime="2017-12-15T12:06:26.1358460+01:00" endTime="2017-12-15T12:06:26.1514710+01:00" testType="13cdc9d9-ddb5-4fa4-a97d-d965ccfc6d4b" outcome="Failed" testListId="8c84fa94-04c1-424b-9868-57a2d4851a1d" relativeResultsDirectory="4a3ac51e-bc27-4060-9353-8be07f346769">
      <Output>
        <ErrorInfo>
          <Message>Échec de Assert.AreEqual. Attendu : &lt;4719-5120-0288-9&gt;, Réel : &lt;System.Int32[]-9&gt;. </Message>
          <StackTrace>   à TestEan13.Ean13Test.ToStringTest() dans E:\GencodeEan13\TestEan13\Ean13Test.cs:ligne 167
</StackTrace>
        </ErrorInfo>
      </Output>
    </UnitTestResult>
  </Results>
</TestRun>