<?xml version="1.0" encoding="UTF-8"?>
<TestRun id="e304ba64-74f9-4043-9e5d-d6f924078ed0" name="vstanislas@R108P17HVVS 2017-12-15 11:36:22" runUser="SIO\vstanislas" xmlns="http://microsoft.com/schemas/VisualStudio/TeamTest/2010">
  <TestSettings name="Local" id="2936087e-1c7c-4940-b070-3ba04ea7a5c3">
    <Description>Il s'agit des paramètres de test par défaut pour une série de tests locale.</Description>
    <Deployment enabled="false" runDeploymentRoot="vstanislas_R108P17HVVS 2017-12-15 11_36_22">
      <DeploymentItem filename="E:\GencodeEan13\GencodeEan13\bin\Debug\GencodeEan13.dll" />
    </Deployment>
    <Execution>
      <TestTypeSpecific />
      <AgentRule name="Execution Agents">
      </AgentRule>
    </Execution>
  </TestSettings>
  <Times creation="2017-12-15T11:36:22.2361026+01:00" queuing="2017-12-15T11:36:22.2361026+01:00" start="2017-12-15T11:36:22.2672730+01:00" finish="2017-12-15T11:36:22.4075650+01:00" />
  <ResultSummary outcome="Failed">
    <Counters total="6" executed="6" passed="4" error="0" failed="2" timeout="0" aborted="0" inconclusive="0" passedButRunAborted="0" notRunnable="0" notExecuted="0" disconnected="0" warning="0" completed="0" inProgress="0" pending="0" />
  </ResultSummary>
  <TestDefinitions>
    <UnitTest name="ToStringTest" storage="e:\gencodeean13\testean13\bin\debug\testean13.dll" id="fc088f0c-0d88-c0a7-85e1-7f86ad18f642">
      <Execution id="1f29922e-39d7-40a3-820f-acd90a8d37ef" />
      <TestMethod codeBase="E:/GencodeEan13/TestEan13/bin/Debug/TestEan13.DLL" adapterTypeName="Microsoft.VisualStudio.TestTools.TestTypes.Unit.UnitTestAdapter, Microsoft.VisualStudio.QualityTools.Tips.UnitTest.Adapter, Version=10.0.0.0, Culture=neutral, PublicKeyToken=b03f5f7f11d50a3a" className="TestEan13.Ean13Test, TestEan13, Version=1.0.0.0, Culture=neutral, PublicKeyToken=null" name="ToStringTest" />
    </UnitTest>
    <UnitTest name="CleTest" storage="e:\gencodeean13\testean13\bin\debug\testean13.dll" id="c52f5332-71ff-335c-862c-1d556b4a6abc">
      <Execution id="0e47a302-258e-42c3-83a2-603a72812c72" />
      <TestMethod codeBase="E:/GencodeEan13/TestEan13/bin/Debug/TestEan13.DLL" adapterTypeName="Microsoft.VisualStudio.TestTools.TestTypes.Unit.UnitTestAdapter, Microsoft.VisualStudio.QualityTools.Tips.UnitTest.Adapter, Version=10.0.0.0, Culture=neutral, PublicKeyToken=b03f5f7f11d50a3a" className="TestEan13.Ean13Test, TestEan13, Version=1.0.0.0, Culture=neutral, PublicKeyToken=null" name="CleTest" />
    </UnitTest>
    <UnitTest name="Ean13ConstructorTest" storage="e:\gencodeean13\testean13\bin\debug\testean13.dll" id="e9163f9d-c849-b6ad-20b7-06b88564ed77">
      <Execution id="9fb34291-114d-4113-afb8-26b87e5881c8" />
      <TestMethod codeBase="E:/GencodeEan13/TestEan13/bin/Debug/TestEan13.DLL" adapterTypeName="Microsoft.VisualStudio.TestTools.TestTypes.Unit.UnitTestAdapter, Microsoft.VisualStudio.QualityTools.Tips.UnitTest.Adapter, Version=10.0.0.0, Culture=neutral, PublicKeyToken=b03f5f7f11d50a3a" className="TestEan13.Ean13Test, TestEan13, Version=1.0.0.0, Culture=neutral, PublicKeyToken=null" name="Ean13ConstructorTest" />
    </UnitTest>
    <UnitTest name="ResteTest" storage="e:\gencodeean13\testean13\bin\debug\testean13.dll" id="da35aeb7-e1df-eeed-6b2d-3a17dd8140d8">
      <Execution id="0768aa2e-5047-4229-8deb-99ab6d80fc34" />
      <TestMethod codeBase="E:/GencodeEan13/TestEan13/bin/Debug/TestEan13.DLL" adapterTypeName="Microsoft.VisualStudio.TestTools.TestTypes.Unit.UnitTestAdapter, Microsoft.VisualStudio.QualityTools.Tips.UnitTest.Adapter, Version=10.0.0.0, Culture=neutral, PublicKeyToken=b03f5f7f11d50a3a" className="TestEan13.Ean13Test, TestEan13, Version=1.0.0.0, Culture=neutral, PublicKeyToken=null" name="ResteTest" />
    </UnitTest>
    <UnitTest name="PoidsImpairTest" storage="e:\gencodeean13\testean13\bin\debug\testean13.dll" id="3b00af88-da7f-9480-e7c9-bc6616f14c9e">
      <Execution id="952cb9bf-e030-4807-9624-c2bb56b076e3" />
      <TestMethod codeBase="E:/GencodeEan13/TestEan13/bin/Debug/TestEan13.DLL" adapterTypeName="Microsoft.VisualStudio.TestTools.TestTypes.Unit.UnitTestAdapter, Microsoft.VisualStudio.QualityTools.Tips.UnitTest.Adapter, Version=10.0.0.0, Culture=neutral, PublicKeyToken=b03f5f7f11d50a3a" className="TestEan13.Ean13Test, TestEan13, Version=1.0.0.0, Culture=neutral, PublicKeyToken=null" name="PoidsImpairTest" />
    </UnitTest>
    <UnitTest name="PoidsPairTest" storage="e:\gencodeean13\testean13\bin\debug\testean13.dll" id="0ca3dafd-72c1-0bd1-f5ec-d20609911a3b">
      <Execution id="1e65c1fd-54f3-47a2-a69f-f028945a41ad" />
      <TestMethod codeBase="E:/GencodeEan13/TestEan13/bin/Debug/TestEan13.DLL" adapterTypeName="Microsoft.VisualStudio.TestTools.TestTypes.Unit.UnitTestAdapter, Microsoft.VisualStudio.QualityTools.Tips.UnitTest.Adapter, Version=10.0.0.0, Culture=neutral, PublicKeyToken=b03f5f7f11d50a3a" className="TestEan13.Ean13Test, TestEan13, Version=1.0.0.0, Culture=neutral, PublicKeyToken=null" name="PoidsPairTest" />
    </UnitTest>
  </TestDefinitions>
  <TestLists>
    <TestList name="Les résultats ne figurent pas dans une liste" id="8c84fa94-04c1-424b-9868-57a2d4851a1d" />
    <TestList name="Tous les résultats chargés" id="19431567-8539-422a-85d7-44ee4e166bda" />
  </TestLists>
  <TestEntries>
    <TestEntry testId="0ca3dafd-72c1-0bd1-f5ec-d20609911a3b" executionId="1e65c1fd-54f3-47a2-a69f-f028945a41ad" testListId="8c84fa94-04c1-424b-9868-57a2d4851a1d" />
    <TestEntry testId="3b00af88-da7f-9480-e7c9-bc6616f14c9e" executionId="952cb9bf-e030-4807-9624-c2bb56b076e3" testListId="8c84fa94-04c1-424b-9868-57a2d4851a1d" />
    <TestEntry testId="c52f5332-71ff-335c-862c-1d556b4a6abc" executionId="0e47a302-258e-42c3-83a2-603a72812c72" testListId="8c84fa94-04c1-424b-9868-57a2d4851a1d" />
    <TestEntry testId="da35aeb7-e1df-eeed-6b2d-3a17dd8140d8" executionId="0768aa2e-5047-4229-8deb-99ab6d80fc34" testListId="8c84fa94-04c1-424b-9868-57a2d4851a1d" />
    <TestEntry testId="e9163f9d-c849-b6ad-20b7-06b88564ed77" executionId="9fb34291-114d-4113-afb8-26b87e5881c8" testListId="8c84fa94-04c1-424b-9868-57a2d4851a1d" />
    <TestEntry testId="fc088f0c-0d88-c0a7-85e1-7f86ad18f642" executionId="1f29922e-39d7-40a3-820f-acd90a8d37ef" testListId="8c84fa94-04c1-424b-9868-57a2d4851a1d" />
  </TestEntries>
  <Results>
    <UnitTestResult executionId="1e65c1fd-54f3-47a2-a69f-f028945a41ad" testId="0ca3dafd-72c1-0bd1-f5ec-d20609911a3b" testName="PoidsPairTest" computerName="R108P17HVVS" duration="00:00:00.0077259" startTime="2017-12-15T11:36:22.2828582+01:00" endTime="2017-12-15T11:36:22.3607842+01:00" testType="13cdc9d9-ddb5-4fa4-a97d-d965ccfc6d4b" outcome="Passed" testListId="8c84fa94-04c1-424b-9868-57a2d4851a1d" relativeResultsDirectory="1e65c1fd-54f3-47a2-a69f-f028945a41ad">
    </UnitTestResult>
    <UnitTestResult executionId="952cb9bf-e030-4807-9624-c2bb56b076e3" testId="3b00af88-da7f-9480-e7c9-bc6616f14c9e" testName="PoidsImpairTest" computerName="R108P17HVVS" duration="00:00:00.0001681" startTime="2017-12-15T11:36:22.3607842+01:00" endTime="2017-12-15T11:36:22.3607842+01:00" testType="13cdc9d9-ddb5-4fa4-a97d-d965ccfc6d4b" outcome="Passed" testListId="8c84fa94-04c1-424b-9868-57a2d4851a1d" relativeResultsDirectory="952cb9bf-e030-4807-9624-c2bb56b076e3">
    </UnitTestResult>
    <UnitTestResult executionId="0e47a302-258e-42c3-83a2-603a72812c72" testId="c52f5332-71ff-335c-862c-1d556b4a6abc" testName="CleTest" computerName="R108P17HVVS" duration="00:00:00.0004456" startTime="2017-12-15T11:36:22.3607842+01:00" endTime="2017-12-15T11:36:22.3763694+01:00" testType="13cdc9d9-ddb5-4fa4-a97d-d965ccfc6d4b" outcome="Passed" testListId="8c84fa94-04c1-424b-9868-57a2d4851a1d" relativeResultsDirectory="0e47a302-258e-42c3-83a2-603a72812c72">
    </UnitTestResult>
    <UnitTestResult executionId="0768aa2e-5047-4229-8deb-99ab6d80fc34" testId="da35aeb7-e1df-eeed-6b2d-3a17dd8140d8" testName="ResteTest" computerName="R108P17HVVS" duration="00:00:00.0001742" startTime="2017-12-15T11:36:22.3763694+01:00" endTime="2017-12-15T11:36:22.3763694+01:00" testType="13cdc9d9-ddb5-4fa4-a97d-d965ccfc6d4b" outcome="Passed" testListId="8c84fa94-04c1-424b-9868-57a2d4851a1d" relativeResultsDirectory="0768aa2e-5047-4229-8deb-99ab6d80fc34">
    </UnitTestResult>
    <UnitTestResult executionId="9fb34291-114d-4113-afb8-26b87e5881c8" testId="e9163f9d-c849-b6ad-20b7-06b88564ed77" testName="Ean13ConstructorTest" computerName="R108P17HVVS" duration="00:00:00.0083520" startTime="2017-12-15T11:36:22.3763694+01:00" endTime="2017-12-15T11:36:22.3919546+01:00" testType="13cdc9d9-ddb5-4fa4-a97d-d965ccfc6d4b" outcome="Failed" testListId="8c84fa94-04c1-424b-9868-57a2d4851a1d" relativeResultsDirectory="9fb34291-114d-4113-afb8-26b87e5881c8">
      <Output>
        <ErrorInfo>
          <Message>Échec de Assert.Fail. Aucune exception n'a été soulevée</Message>
          <StackTrace>   à TestEan13.Ean13Test.Ean13ConstructorTest() dans E:\GencodeEan13\TestEan13\Ean13Test.cs:ligne 93
</StackTrace>
        </ErrorInfo>
      </Output>
    </UnitTestResult>
    <UnitTestResult executionId="1f29922e-39d7-40a3-820f-acd90a8d37ef" testId="fc088f0c-0d88-c0a7-85e1-7f86ad18f642" testName="ToStringTest" computerName="R108P17HVVS" duration="00:00:00.0009580" startTime="2017-12-15T11:36:22.3919546+01:00" endTime="2017-12-15T11:36:22.3919546+01:00" testType="13cdc9d9-ddb5-4fa4-a97d-d965ccfc6d4b" outcome="Failed" testListId="8c84fa94-04c1-424b-9868-57a2d4851a1d" relativeResultsDirectory="1f29922e-39d7-40a3-820f-acd90a8d37ef">
      <Output>
        <ErrorInfo>
          <Message>Échec de Assert.AreEqual. Attendu : &lt;4719-5120-0288-9&gt;, Réel : &lt;&gt;. </Message>
          <StackTrace>   à TestEan13.Ean13Test.ToStringTest() dans E:\GencodeEan13\TestEan13\Ean13Test.cs:ligne 167
</StackTrace>
        </ErrorInfo>
      </Output>
    </UnitTestResult>
  </Results>
</TestRun>