<?xml version="1.0" encoding="UTF-8"?>
<TestRun id="6224a034-4910-49a9-af24-bc5c51a39dc8" name="vstanislas@R108P17HVVS 2017-12-15 12:02:48" runUser="SIO\vstanislas" xmlns="http://microsoft.com/schemas/VisualStudio/TeamTest/2010">
  <TestSettings name="Local" id="2936087e-1c7c-4940-b070-3ba04ea7a5c3">
    <Description>Il s'agit des paramètres de test par défaut pour une série de tests locale.</Description>
    <Deployment enabled="false" runDeploymentRoot="vstanislas_R108P17HVVS 2017-12-15 12_02_48">
      <DeploymentItem filename="E:\GencodeEan13\GencodeEan13\bin\Debug\GencodeEan13.dll" />
    </Deployment>
    <Execution>
      <TestTypeSpecific />
      <AgentRule name="Execution Agents">
      </AgentRule>
    </Execution>
  </TestSettings>
  <Times creation="2017-12-15T12:02:48.2909549+01:00" queuing="2017-12-15T12:02:48.3065799+01:00" start="2017-12-15T12:02:48.3065799+01:00" finish="2017-12-15T12:02:48.4472049+01:00" />
  <ResultSummary outcome="Completed">
    <Counters total="6" executed="6" passed="6" error="0" failed="0" timeout="0" aborted="0" inconclusive="0" passedButRunAborted="0" notRunnable="0" notExecuted="0" disconnected="0" warning="0" completed="0" inProgress="0" pending="0" />
  </ResultSummary>
  <TestDefinitions>
    <UnitTest name="ToStringTest" storage="e:\gencodeean13\testean13\bin\debug\testean13.dll" id="fc088f0c-0d88-c0a7-85e1-7f86ad18f642">
      <Execution id="aa0c861d-2a9c-45d9-b733-e898eeef8b4c" />
      <TestMethod codeBase="E:/GencodeEan13/TestEan13/bin/Debug/TestEan13.DLL" adapterTypeName="Microsoft.VisualStudio.TestTools.TestTypes.Unit.UnitTestAdapter, Microsoft.VisualStudio.QualityTools.Tips.UnitTest.Adapter, Version=10.0.0.0, Culture=neutral, PublicKeyToken=b03f5f7f11d50a3a" className="TestEan13.Ean13Test, TestEan13, Version=1.0.0.0, Culture=neutral, PublicKeyToken=null" name="ToStringTest" />
    </UnitTest>
    <UnitTest name="CleTest" storage="e:\gencodeean13\testean13\bin\debug\testean13.dll" id="c52f5332-71ff-335c-862c-1d556b4a6abc">
      <Execution id="2cfa1e71-4969-4a2e-8faa-5f245b659cac" />
      <TestMethod codeBase="E:/GencodeEan13/TestEan13/bin/Debug/TestEan13.DLL" adapterTypeName="Microsoft.VisualStudio.TestTools.TestTypes.Unit.UnitTestAdapter, Microsoft.VisualStudio.QualityTools.Tips.UnitTest.Adapter, Version=10.0.0.0, Culture=neutral, PublicKeyToken=b03f5f7f11d50a3a" className="TestEan13.Ean13Test, TestEan13, Version=1.0.0.0, Culture=neutral, PublicKeyToken=null" name="CleTest" />
    </UnitTest>
    <UnitTest name="Ean13ConstructorTest" storage="e:\gencodeean13\testean13\bin\debug\testean13.dll" id="e9163f9d-c849-b6ad-20b7-06b88564ed77">
      <Execution id="c3c057b3-3b19-4f3c-bbbf-b271c193cb64" />
      <TestMethod codeBase="E:/GencodeEan13/TestEan13/bin/Debug/TestEan13.DLL" adapterTypeName="Microsoft.VisualStudio.TestTools.TestTypes.Unit.UnitTestAdapter, Microsoft.VisualStudio.QualityTools.Tips.UnitTest.Adapter, Version=10.0.0.0, Culture=neutral, PublicKeyToken=b03f5f7f11d50a3a" className="TestEan13.Ean13Test, TestEan13, Version=1.0.0.0, Culture=neutral, PublicKeyToken=null" name="Ean13ConstructorTest" />
    </UnitTest>
    <UnitTest name="ResteTest" storage="e:\gencodeean13\testean13\bin\debug\testean13.dll" id="da35aeb7-e1df-eeed-6b2d-3a17dd8140d8">
      <Execution id="f20e868f-6e18-4845-8f16-de48a62a59f9" />
      <TestMethod codeBase="E:/GencodeEan13/TestEan13/bin/Debug/TestEan13.DLL" adapterTypeName="Microsoft.VisualStudio.TestTools.TestTypes.Unit.UnitTestAdapter, Microsoft.VisualStudio.QualityTools.Tips.UnitTest.Adapter, Version=10.0.0.0, Culture=neutral, PublicKeyToken=b03f5f7f11d50a3a" className="TestEan13.Ean13Test, TestEan13, Version=1.0.0.0, Culture=neutral, PublicKeyToken=null" name="ResteTest" />
    </UnitTest>
    <UnitTest name="PoidsImpairTest" storage="e:\gencodeean13\testean13\bin\debug\testean13.dll" id="3b00af88-da7f-9480-e7c9-bc6616f14c9e">
      <Execution id="dd5b9493-7399-444f-8af9-0cc6d2951775" />
      <TestMethod codeBase="E:/GencodeEan13/TestEan13/bin/Debug/TestEan13.DLL" adapterTypeName="Microsoft.VisualStudio.TestTools.TestTypes.Unit.UnitTestAdapter, Microsoft.VisualStudio.QualityTools.Tips.UnitTest.Adapter, Version=10.0.0.0, Culture=neutral, PublicKeyToken=b03f5f7f11d50a3a" className="TestEan13.Ean13Test, TestEan13, Version=1.0.0.0, Culture=neutral, PublicKeyToken=null" name="PoidsImpairTest" />
    </UnitTest>
    <UnitTest name="PoidsPairTest" storage="e:\gencodeean13\testean13\bin\debug\testean13.dll" id="0ca3dafd-72c1-0bd1-f5ec-d20609911a3b">
      <Execution id="0f092584-2017-46d4-9151-ec6893f8260f" />
      <TestMethod codeBase="E:/GencodeEan13/TestEan13/bin/Debug/TestEan13.DLL" adapterTypeName="Microsoft.VisualStudio.TestTools.TestTypes.Unit.UnitTestAdapter, Microsoft.VisualStudio.QualityTools.Tips.UnitTest.Adapter, Version=10.0.0.0, Culture=neutral, PublicKeyToken=b03f5f7f11d50a3a" className="TestEan13.Ean13Test, TestEan13, Version=1.0.0.0, Culture=neutral, PublicKeyToken=null" name="PoidsPairTest" />
    </UnitTest>
  </TestDefinitions>
  <TestLists>
    <TestList name="Les résultats ne figurent pas dans une liste" id="8c84fa94-04c1-424b-9868-57a2d4851a1d" />
    <TestList name="Tous les résultats chargés" id="19431567-8539-422a-85d7-44ee4e166bda" />
  </TestLists>
  <TestEntries>
    <TestEntry testId="0ca3dafd-72c1-0bd1-f5ec-d20609911a3b" executionId="0f092584-2017-46d4-9151-ec6893f8260f" testListId="8c84fa94-04c1-424b-9868-57a2d4851a1d" />
    <TestEntry testId="3b00af88-da7f-9480-e7c9-bc6616f14c9e" executionId="dd5b9493-7399-444f-8af9-0cc6d2951775" testListId="8c84fa94-04c1-424b-9868-57a2d4851a1d" />
    <TestEntry testId="c52f5332-71ff-335c-862c-1d556b4a6abc" executionId="2cfa1e71-4969-4a2e-8faa-5f245b659cac" testListId="8c84fa94-04c1-424b-9868-57a2d4851a1d" />
    <TestEntry testId="da35aeb7-e1df-eeed-6b2d-3a17dd8140d8" executionId="f20e868f-6e18-4845-8f16-de48a62a59f9" testListId="8c84fa94-04c1-424b-9868-57a2d4851a1d" />
    <TestEntry testId="e9163f9d-c849-b6ad-20b7-06b88564ed77" executionId="c3c057b3-3b19-4f3c-bbbf-b271c193cb64" testListId="8c84fa94-04c1-424b-9868-57a2d4851a1d" />
    <TestEntry testId="fc088f0c-0d88-c0a7-85e1-7f86ad18f642" executionId="aa0c861d-2a9c-45d9-b733-e898eeef8b4c" testListId="8c84fa94-04c1-424b-9868-57a2d4851a1d" />
  </TestEntries>
  <Results>
    <UnitTestResult executionId="0f092584-2017-46d4-9151-ec6893f8260f" testId="0ca3dafd-72c1-0bd1-f5ec-d20609911a3b" testName="PoidsPairTest" computerName="R108P17HVVS" duration="00:00:00.0075519" startTime="2017-12-15T12:02:48.3222049+01:00" endTime="2017-12-15T12:02:48.4159549+01:00" testType="13cdc9d9-ddb5-4fa4-a97d-d965ccfc6d4b" outcome="Passed" testListId="8c84fa94-04c1-424b-9868-57a2d4851a1d" relativeResultsDirectory="0f092584-2017-46d4-9151-ec6893f8260f">
    </UnitTestResult>
    <UnitTestResult executionId="dd5b9493-7399-444f-8af9-0cc6d2951775" testId="3b00af88-da7f-9480-e7c9-bc6616f14c9e" testName="PoidsImpairTest" computerName="R108P17HVVS" duration="00:00:00.0001721" startTime="2017-12-15T12:02:48.4159549+01:00" endTime="2017-12-15T12:02:48.4159549+01:00" testType="13cdc9d9-ddb5-4fa4-a97d-d965ccfc6d4b" outcome="Passed" testListId="8c84fa94-04c1-424b-9868-57a2d4851a1d" relativeResultsDirectory="dd5b9493-7399-444f-8af9-0cc6d2951775">
    </UnitTestResult>
    <UnitTestResult executionId="2cfa1e71-4969-4a2e-8faa-5f245b659cac" testId="c52f5332-71ff-335c-862c-1d556b4a6abc" testName="CleTest" computerName="R108P17HVVS" duration="00:00:00.0001840" startTime="2017-12-15T12:02:48.4159549+01:00" endTime="2017-12-15T12:02:48.4159549+01:00" testType="13cdc9d9-ddb5-4fa4-a97d-d965ccfc6d4b" outcome="Passed" testListId="8c84fa94-04c1-424b-9868-57a2d4851a1d" relativeResultsDirectory="2cfa1e71-4969-4a2e-8faa-5f245b659cac">
    </UnitTestResult>
    <UnitTestResult executionId="f20e868f-6e18-4845-8f16-de48a62a59f9" testId="da35aeb7-e1df-eeed-6b2d-3a17dd8140d8" testName="ResteTest" computerName="R108P17HVVS" duration="00:00:00.0001009" startTime="2017-12-15T12:02:48.4159549+01:00" endTime="2017-12-15T12:02:48.4159549+01:00" testType="13cdc9d9-ddb5-4fa4-a97d-d965ccfc6d4b" outcome="Passed" testListId="8c84fa94-04c1-424b-9868-57a2d4851a1d" relativeResultsDirectory="f20e868f-6e18-4845-8f16-de48a62a59f9">
    </UnitTestResult>
    <UnitTestResult executionId="c3c057b3-3b19-4f3c-bbbf-b271c193cb64" testId="e9163f9d-c849-b6ad-20b7-06b88564ed77" testName="Ean13ConstructorTest" computerName="R108P17HVVS" duration="00:00:00.0001546" startTime="2017-12-15T12:02:48.4159549+01:00" endTime="2017-12-15T12:02:48.4159549+01:00" testType="13cdc9d9-ddb5-4fa4-a97d-d965ccfc6d4b" outcome="Passed" testListId="8c84fa94-04c1-424b-9868-57a2d4851a1d" relativeResultsDirectory="c3c057b3-3b19-4f3c-bbbf-b271c193cb64">
    </UnitTestResult>
    <UnitTestResult executionId="aa0c861d-2a9c-45d9-b733-e898eeef8b4c" testId="fc088f0c-0d88-c0a7-85e1-7f86ad18f642" testName="ToStringTest" computerName="R108P17HVVS" duration="00:00:00.0001817" startTime="2017-12-15T12:02:48.4159549+01:00" endTime="2017-12-15T12:02:48.4159549+01:00" testType="13cdc9d9-ddb5-4fa4-a97d-d965ccfc6d4b" outcome="Passed" testListId="8c84fa94-04c1-424b-9868-57a2d4851a1d" relativeResultsDirectory="aa0c861d-2a9c-45d9-b733-e898eeef8b4c">
    </UnitTestResult>
  </Results>
</TestRun>